Arguments: 
  /usr/local/bin/node /usr/local/Cellar/yarn/1.22.17/libexec/bin/yarn.js add inquirer

PATH: 
  /Users/lin/项目/cocos2d-x-4.0 2/templates:/Users/lin/项目:/Users/lin/项目/cocos2d-x-4.0 2/tools/cocos2d-console/bin:/Library/Frameworks/Python.framework/Versions/3.6/bin:/Library/Frameworks/Python.framework/Versions/3.10/bin:/usr/local/bin:/usr/bin:/bin:/usr/sbin:/sbin:/Library/Apple/usr/bin:/Users/lin/项目/cocos2d-x-4.0 2/templates:/Users/lin/项目:/Users/lin/项目/cocos2d-x-4.0 2/tools/cocos2d-console/bin:/Library/Frameworks/Python.framework/Versions/3.6/bin:/Library/Frameworks/Python.framework/Versions/3.10/bin:/usr/local/sbin:/Users/lin/.cargo/bin

Yarn version: 
  1.22.17

Node version: 
  16.13.1

Platform: 
  darwin x64

Trace: 
  Error: EACCES: permission denied, unlink '/Users/lin/Documents/GitHub/Cli/node_modules/.yarn-integrity'

npm manifest: 
  {
    "name": "lin-cli",
    "version": "1.0.0",
    "description": "FrontEnd Cli for build project swiftly",
    "main": "index.js",
    "scripts": {
      "test": "echo \"Error: no test specified\" && exit 1"
    },
    "bin": {
      "lin": "./index.js"
    },
    "repository": {
      "type": "git",
      "url": "git+https://github.com/swaggyp7/Cli.git"
    },
    "author": "Lyt",
    "license": "MIT",
    "bugs": {
      "url": "https://github.com/swaggyp7/Cli/issues"
    },
    "homepage": "https://github.com/swaggyp7/Cli#readme",
    "dependencies": {
      "commander": "^9.2.0"
    }
  }

yarn manifest: 
  No manifest

Lockfile: 
  # THIS IS AN AUTOGENERATED FILE. DO NOT EDIT THIS FILE DIRECTLY.
  # yarn lockfile v1
  
  
  commander@^9.2.0:
    version "9.2.0"
    resolved "https://registry.yarnpkg.com/commander/-/commander-9.2.0.tgz#6e21014b2ed90d8b7c9647230d8b7a94a4a419a9"
    integrity sha512-e2i4wANQiSXgnrBlIatyHtP1odfUp0BbV5Y5nEGbxtIrStkEOAAzCUirvLBNXHLr7kwLvJl6V+4V3XV9x7Wd9w==
